{
  "0 debug pnpm:scope": {
    "selected": 1
  },
  "1 info pnpm": {
    "err": {
      "name": "Error",
      "message": "not found: inistall",
      "code": "ENOENT",
      "stack": "Error: not found: inistall\n    at getNotFoundError (/usr/local/Cellar/node/17.3.1/pnpm-global/5/node_modules/.pnpm/registry.npmmirror.com+pnpm@6.23.6/node_modules/pnpm/dist/pnpm.cjs:41182:51)\n    at Function.whichSync [as sync] (/usr/local/Cellar/node/17.3.1/pnpm-global/5/node_modules/.pnpm/registry.npmmirror.com+pnpm@6.23.6/node_modules/pnpm/dist/pnpm.cjs:41259:13)\n    at getCommandAbsolutePathSync (/usr/local/Cellar/node/17.3.1/pnpm-global/5/node_modules/.pnpm/registry.npmmirror.com+pnpm@6.23.6/node_modules/pnpm/dist/pnpm.cjs:42824:44)\n    at default_1 (/usr/local/Cellar/node/17.3.1/pnpm-global/5/node_modules/.pnpm/registry.npmmirror.com+pnpm@6.23.6/node_modules/pnpm/dist/pnpm.cjs:42833:32)\n    at /usr/local/Cellar/node/17.3.1/pnpm-global/5/node_modules/.pnpm/registry.npmmirror.com+pnpm@6.23.6/node_modules/pnpm/dist/pnpm.cjs:178717:39"
    }
  },
  "2 error pnpm": {
    "code": "ERR_PNPM_RECURSIVE_EXEC_FIRST_FAIL",
    "prefix": "/Users/wanglei/work/project/transport-in-future/mingtian-transportation",
    "err": {
      "name": "pnpm",
      "message": "not found: inistall",
      "code": "ERR_PNPM_RECURSIVE_EXEC_FIRST_FAIL",
      "stack": "Error: not found: inistall\n    at getNotFoundError (/usr/local/Cellar/node/17.3.1/pnpm-global/5/node_modules/.pnpm/registry.npmmirror.com+pnpm@6.23.6/node_modules/pnpm/dist/pnpm.cjs:41182:51)\n    at Function.whichSync [as sync] (/usr/local/Cellar/node/17.3.1/pnpm-global/5/node_modules/.pnpm/registry.npmmirror.com+pnpm@6.23.6/node_modules/pnpm/dist/pnpm.cjs:41259:13)\n    at getCommandAbsolutePathSync (/usr/local/Cellar/node/17.3.1/pnpm-global/5/node_modules/.pnpm/registry.npmmirror.com+pnpm@6.23.6/node_modules/pnpm/dist/pnpm.cjs:42824:44)\n    at default_1 (/usr/local/Cellar/node/17.3.1/pnpm-global/5/node_modules/.pnpm/registry.npmmirror.com+pnpm@6.23.6/node_modules/pnpm/dist/pnpm.cjs:42833:32)\n    at /usr/local/Cellar/node/17.3.1/pnpm-global/5/node_modules/.pnpm/registry.npmmirror.com+pnpm@6.23.6/node_modules/pnpm/dist/pnpm.cjs:178717:39"
    }
  }
}